IQ-TREE multicore version 2.3.6 for Linux x86 64-bit built Aug  4 2024
Developed by Bui Quang Minh, Nguyen Lam Tung, Olga Chernomor, Heiko Schmidt,
Dominik Schrempf, Michael Woodhams, Ly Trong Nhan, Thomas Wong

Host:    111c2e84971c (AVX2, FMA3, 50 GB RAM)
Command: iqtree2 -s /data/outputs/Alignment/seq_trimmed.afa -te /data/outputs/Tree/seq.tree -m LG -pre /data/outputs/Ancestral/seq -asr
Seed:    155538 (Using SPRNG - Scalable Parallel Random Number Generator)
Time:    Mon Oct  7 19:45:41 2024
Kernel:  AVX+FMA - 1 threads (8 CPU cores detected)

HINT: Use -nt option to specify number of threads because your CPU has 8 cores!
HINT: -nt AUTO will automatically determine the best number of threads to use.

Reading alignment file /data/outputs/Alignment/seq_trimmed.afa ... Fasta format detected
Reading fasta file: done in 0.012012 secs using 96.05% CPU
Alignment most likely contains protein sequences
Alignment has 863 sequences with 270 columns, 240 distinct patterns
199 parsimony-informative, 17 singleton sites, 54 constant sites
                       Gap/Ambiguity  Composition  p-value
Analyzing sequences: done in 0.000910997 secs using 87.27% CPU
   1  GCA_028282465.1_02631    5.19%    passed     97.10%
   2  GCA_913777995.1_00308    4.44%    passed     99.91%
   3  GCA_025359405.1_00369    9.26%    passed     91.07%
   4  GCA_025562755.1_02019    5.56%    passed     98.10%
   5  GCA_023257855.1_00883    5.56%    passed     89.62%
   6  GCA_937864365.1_01068   11.11%    passed     99.85%
   7  GCA_900105115.1_03289    4.44%    passed     99.63%
   8  GCA_025800125.1_03055    3.33%    passed     99.96%
   9  GCA_030252795.1_00073   10.74%    passed     99.68%
  10  GCA_950063125.1_00521   10.74%    passed     98.74%
  11  GCA_026153455.1_02584    9.63%    passed     99.91%
  12  GCA_030362935.1_02187   10.74%    passed     96.88%
  13  GCA_947487765.1_02731    8.89%    passed     56.47%
  14  GCA_002685195.1_01588    4.81%    passed     99.99%
  15  GCA_947457195.1_01628   10.37%    passed     95.19%
  16  GCA_900111835.1_02570    5.19%    passed     99.74%
  17  GCA_946480585.1_01963    5.93%    passed     41.72%
  18  GCA_001642735.1_00908    8.15%    passed     85.45%
  19  GCA_937998635.1_00214   10.00%    passed     99.81%
  20  GCA_028280085.1_00418   10.37%    passed     99.60%
  21  GCA_030464885.1_02687    7.41%    passed     97.56%
  22  GCA_030646115.1_03118    5.93%    passed     99.75%
  23  GCA_014269205.2_05140    4.44%    passed     99.99%
  24  GCA_004322705.1_02655    8.52%    passed     85.78%
  25  GCA_002706025.1_03528   10.74%    passed     96.04%
  26  GCA_943330915.2_00393    7.78%    passed     99.14%
  27  GCA_021730485.1_01798    8.89%    passed     99.78%
  28  GCA_026192395.1_02566   11.11%    passed     98.69%
  29  GCA_026224925.1_01026    4.44%    passed     99.06%
  30  GCA_943846765.1_00582    7.78%    passed     97.81%
  31  GCA_025800435.1_02423    9.63%    passed     95.46%
  32  GCA_030853745.1_01697   10.00%    passed     82.71%
  33  GCA_030717995.1_04189    5.93%    passed     92.90%
  34  GCA_002366715.1_00039    8.15%    passed     98.72%
  35  GCA_963204845.1_01408   10.37%    passed     55.60%
  36  GCA_025716875.1_00893   10.74%    passed     90.04%
  37  GCA_937958105.1_00245   10.37%    passed     99.00%
  38  GCA_024360925.2_00403    7.04%    passed     91.04%
  39  GCA_000192865.1_04149   11.48%    passed     96.26%
  40  GCA_026625725.1_01877   11.11%    passed     99.99%
  41  GCA_001594225.2_04439   11.11%    passed     99.99%
  42  GCA_030541005.1_01856   11.85%    passed     99.99%
  43  GCA_029279945.1_01244   12.22%    passed     99.88%
  44  GCA_023347575.1_02937   11.85%    passed     97.27%
  45  GCA_030147705.1_00354   10.74%    passed     99.93%
  46  GCA_947503555.1_01968   12.22%    passed     96.92%
  47  GCA_030719035.1_05781   11.85%    passed     99.58%
  48  GCA_026225475.1_00352   10.37%    passed     83.20%
  49  GCA_026399375.1_00128   11.11%    passed     95.75%
  50  GCA_021323495.1_01469    9.26%    passed     96.21%
  51  GCA_030687575.1_05050   11.11%    passed    100.00%
  52  GCA_029265075.1_00969   11.11%    passed     65.82%
  53  GCA_947387575.1_03817   11.85%    passed     99.48%
  54  GCA_001661075.1_06010   11.11%    passed     99.99%
  55  GCA_021602345.1_00443   11.11%    passed     99.98%
  56  GCA_001655615.1_05652   11.11%    passed     99.99%
  57  GCA_900460525.1_01441   11.85%    passed     97.00%
  58  GCA_900457075.1_02437   11.85%    passed     99.09%
  59  GCA_015494165.1_01508   11.48%    passed     48.49%
  60  GCA_002726615.1_00640   11.85%    passed     99.94%
  61  GCA_002724925.1_00946   11.85%    passed     98.74%
  62  GCA_027922225.1_00893   11.48%    passed     99.83%
  63  GCA_024234215.1_01316   11.85%    passed     63.28%
  64  GCA_020845975.1_02005   11.85%    passed     99.66%
  65  GCA_030149405.1_00319    5.19%    passed     99.45%
  66  GCA_025985425.1_01094   11.11%    passed     99.63%
  67  GCA_949499045.1_01100    5.56%    passed     81.34%
  68  GCA_019719005.1_00479   11.11%    passed     99.97%
  69  GCA_025643255.1_02863    7.78%    passed     96.86%
  70  GCA_938085045.1_00972   12.22%    passed     97.44%
  71  GCA_029960815.1_04149   11.11%    passed     99.99%
  72  GCA_937969395.1_01004   10.74%    passed     77.07%
  73  GCA_025917275.1_01656   11.11%    passed     99.99%
  74  GCA_030149475.1_01854   11.85%    passed     98.43%
  75  GCA_937136055.1_01497    5.19%    passed     96.71%
  76  GCA_900110265.1_02954    9.26%    passed     97.24%
  77  GCA_013362045.1_02458   11.11%    passed     90.04%
  78  GCA_015491935.1_01645   12.22%    passed     99.08%
  79  GCA_016647575.1_00014   11.85%    passed     99.61%
  80  GCA_002197815.1_04218   11.48%    passed    100.00%
  81  GCA_002197985.1_02059   11.11%    passed    100.00%
  82  GCA_018066865.1_00758   11.85%    passed     99.94%
  83  GCA_018384595.1_00557   11.11%    passed     95.67%
  84  GCA_018222405.1_03540   12.22%    passed     87.32%
  85  GCA_029840925.1_03269   11.11%    passed    100.00%
  86  GCA_029961155.1_00168    5.19%    passed     99.74%
  87  GCA_027010665.1_00603   11.48%    passed     83.96%
  88  GCA_029837695.1_02649   11.48%    passed     99.99%
  89  GCA_029836375.1_02372   11.48%    passed    100.00%
  90  GCA_947503895.1_01001   11.85%    passed     98.84%
  91  GCA_024435075.2_03406   11.48%    passed     92.40%
  92  GCA_026686735.1_05519   11.48%    passed     99.66%
  93  GCA_030590275.1_00361   11.48%    passed     98.47%
  94  GCA_001922575.1_02741    4.81%    passed     88.14%
  95  GCA_005250615.1_04148   11.11%    passed     99.80%
  96  GCA_001908725.1_01512   10.74%    passed     70.23%
  97  GCA_022565475.1_00461   11.85%    passed     98.91%
  98  GCA_028010285.1_05166   11.48%    passed     99.84%
  99  GCA_029246385.1_02141   11.11%    passed     97.06%
 100  GCA_900103345.1_04069   11.11%    passed    100.00%
 101  GCA_900103225.1_00626   11.11%    passed     99.99%
 102  GCA_900104265.1_02158   11.48%    passed     99.99%
 103  GCA_013374995.1_05610   11.11%    passed     99.98%
 104  GCA_026016465.1_03642   11.85%    passed     99.82%
 105  GCA_015680295.1_00836   11.11%    passed    100.00%
 106  GCA_014842265.1_02346   11.11%    passed     99.99%
 107  GCA_001830395.1_02965   11.11%    passed     99.57%
 108  GCA_021605415.1_05021   11.11%    passed     99.94%
 109  GCA_029871235.1_03017   11.48%    passed     99.44%
 110  GCA_027988105.1_02262   11.11%    passed    100.00%
 111  GCA_029945725.1_01251   11.85%    passed     96.20%
 112  GCA_019145195.1_02408   11.11%    passed     99.99%
 113  GCA_021821045.1_01654   11.48%    passed     99.99%
 114  GCA_021819125.1_00953   11.11%    passed     99.16%
 115  GCA_021821365.1_01262    9.63%    passed     73.86%
 116  GCA_021432765.1_01382   11.11%    passed     99.95%
 117  GCA_902705855.1_03267   10.74%    passed     98.33%
 118  GCA_011065485.1_04591   11.85%    passed     98.84%
 119  GCA_026195755.1_01008   11.85%    passed     88.81%
 120  GCA_014268175.1_04518   11.85%    passed     97.29%
 121  GCA_026183695.1_02111   12.22%    passed     98.76%
 122  GCA_030816195.1_00430   11.11%    passed    100.00%
 123  GCA_025426255.1_00153   11.11%    passed     99.97%
 124  GCA_000341615.1_00195   11.11%    passed     99.99%
 125  GCA_904063065.1_03566   11.11%    passed     99.97%
 126  GCA_003113495.2_03250   12.22%    passed     97.61%
 127  GCA_019443085.1_02980   11.85%    passed     99.90%
 128  GCA_026981935.1_01346   11.48%    passed     94.38%
 129  GCA_029839275.1_04211   11.11%    passed     99.92%
 130  GCA_947473125.1_04641   11.48%    passed     99.97%
 131  GCA_028656935.1_04139   11.11%    passed     99.98%
 132  GCA_030064125.1_05582   11.11%    passed     99.99%
 133  GCA_900111095.1_00295   15.19%    passed     99.43%
 134  GCA_900111555.1_00778   11.85%    passed     97.59%
 135  GCA_900110655.1_00994   11.11%    passed    100.00%
 136  GCA_030295955.1_00287   12.22%    passed     99.97%
 137  GCA_900111305.1_03387    7.78%    passed     97.31%
 138  GCA_903772925.1_04003   12.22%    passed     93.52%
 139  GCA_014235765.1_02847   11.11%    passed    100.00%
 140  GCA_030684895.1_00558   11.11%    passed     99.99%
 141  GCA_947498015.1_02392    5.19%    passed     98.89%
 142  GCA_030053415.1_03024   11.85%    passed     99.98%
 143  GCA_947259075.1_02041   11.85%    passed     99.76%
 144  GCA_008801575.1_02692   10.74%    passed     79.71%
 145  GCA_002025705.1_05330   11.11%    passed    100.00%
 146  GCA_946480695.1_01921   11.11%    passed     99.31%
 147  GCA_029537485.1_00193   11.48%    passed     99.96%
 148  GCA_029287595.1_01569   11.48%    passed     94.69%
 149  GCA_030427335.1_01750   11.48%    passed     99.99%
 150  GCA_023509015.1_02191   11.11%    passed    100.00%
 151  GCA_947488935.1_00696   11.48%    passed     80.95%
 152  GCA_029239415.1_00309   11.11%    passed     99.99%
 153  GCA_029871245.1_03231   11.48%    passed     99.94%
 154  GCA_015356505.1_00093   10.37%    passed    100.00%
 155  GCA_025905425.1_04868   11.11%    passed    100.00%
 156  GCA_001679645.1_00740   11.11%    passed     99.98%
 157  GCA_001676055.1_01270   10.37%    passed    100.00%
 158  GCA_013214175.1_03286   12.22%    passed     99.66%
 159  GCA_943788005.1_00426   11.85%    passed     69.84%
 160  GCA_002873135.1_02675   12.22%    passed     99.45%
 161  GCA_006874705.1_01849   11.85%    passed     95.24%
 162  GCA_902806985.1_01768   12.22%    passed     97.71%
 163  GCA_024655605.1_00705   11.11%    passed     99.99%
 164  GCA_026410505.1_03004   10.37%    passed     86.59%
 165  GCA_029938085.1_00025    5.19%    passed     97.74%
 166  GCA_025318105.1_01318   11.85%    passed     98.17%
 167  GCA_030748435.1_00770    5.19%    passed     99.90%
 168  GCA_030640985.1_01215   11.85%    passed     95.57%
 169  GCA_947503265.1_03574   12.22%    passed     98.76%
 170  GCA_016132445.1_02532   11.85%    passed     99.65%
 171  GCA_021804355.1_00736   11.85%    passed     88.68%
 172  GCA_023838465.1_00333   11.85%    passed     99.94%
 173  GCA_030427465.1_01557   11.48%    passed     98.68%
 174  GCA_002211765.1_00190   12.22%    passed     99.61%
 175  GCA_014190935.1_02658   11.11%    passed     99.46%
 176  GCA_031119625.1_03416   11.11%    passed     99.87%
 177  GCA_000263715.2_05508   11.11%    passed     99.99%
 178  GCA_000259195.1_04124   11.11%    passed    100.00%
 179  GCA_003591175.1_02247   11.85%    passed     95.67%
 180  GCA_008806955.1_01025   11.11%    passed     99.43%
 181  GCA_011684115.1_04746   11.85%    passed     97.65%
 182  GCA_002929225.1_01417   11.11%    passed    100.00%
 183  GCA_028898945.1_05194   11.11%    passed    100.00%
 184  GCA_947495845.1_03399   11.85%    passed     99.49%
 185  GCA_029880105.1_01188   11.85%    passed     73.11%
 186  GCA_025527015.1_04875   11.85%    passed     97.61%
 187  GCA_001269905.1_04270   11.11%    passed     99.98%
 188  GCA_018336155.1_01900   11.11%    passed     99.99%
 189  GCA_903887045.1_01327   10.74%    passed     98.20%
 190  GCA_030687475.1_05762   11.11%    passed     99.99%
 191  GCA_024451105.1_00845   11.48%    passed     99.69%
 192  GCA_028280635.1_03833   10.74%    passed     23.01%
 193  GCA_947503345.1_00639   11.85%    passed     84.40%
 194  GCA_001941865.1_04757   11.48%    passed    100.00%
 195  GCA_030457765.1_00816   11.85%    passed    100.00%
 196  GCA_018986435.1_01361   11.85%    passed     99.64%
 197  GCA_007858285.1_04445   11.11%    passed    100.00%
 198  GCA_900105475.1_01603   11.11%    passed    100.00%
 199  GCA_900105185.1_00650   11.11%    passed     99.97%
 200  GCA_900105355.1_02216   11.11%    passed    100.00%
 201  GCA_007858255.1_02485   11.11%    passed    100.00%
 202  GCA_900105735.1_03348   11.11%    passed     99.99%
 203  GCA_900106015.1_03614   11.48%    passed    100.00%
 204  GCA_900105805.1_04251   11.11%    passed     99.98%
 205  GCA_900105555.1_04190   11.11%    passed     99.98%
 206  GCA_900105675.1_05509   11.11%    passed     99.99%
 207  GCA_026197075.1_01872   11.85%    passed     99.98%
 208  GCA_029245395.1_01347   10.74%    passed     98.51%
 209  GCA_003530955.1_01076   11.11%    passed     99.99%
 210  GCA_014359475.1_02720   12.22%    passed     99.69%
 211  GCA_002796985.1_00157   11.48%    passed     99.77%
 212  GCA_022132145.1_01036   11.11%    passed    100.00%
 213  GCA_900184155.1_02141    5.19%    passed     99.65%
 214  GCA_022378355.1_01583   11.85%    passed     98.65%
 215  GCA_022321485.1_00359   12.22%    passed     99.92%
 216  GCA_030547185.1_00654    5.19%    passed     99.82%
 217  GCA_026283955.1_01433   10.00%    passed     91.60%
 218  GCA_030546935.1_03670   11.85%    passed     99.89%
 219  GCA_029212375.1_03430   11.48%    passed     95.80%
 220  GCA_025466085.1_03755   11.11%    passed     99.99%
 221  GCA_030654835.1_01818   10.37%    passed     99.93%
 222  GCA_900183975.1_03267   10.74%    passed     73.30%
 223  GCA_900187015.1_04708   11.85%    passed     96.23%
 224  GCA_943787955.1_01189   12.22%    passed     90.91%
 225  GCA_014863605.1_05846   11.11%    passed     99.99%
 226  GCA_030147005.1_02806   11.11%    passed    100.00%
 227  GCA_030690725.1_04199   11.11%    passed    100.00%
 228  GCA_027366395.1_03111   11.85%    passed     99.97%
 229  GCA_030409605.1_00723   11.48%    passed     98.88%
 230  GCA_950096615.1_01993   11.85%    passed     64.72%
 231  GCA_946221045.1_00740    4.81%    passed     99.67%
 232  GCA_937866945.1_00613   12.22%    passed     78.50%
 233  GCA_029242085.1_00614   11.48%    passed     98.81%
 234  GCA_001715975.1_00691   11.85%    passed     94.94%
 235  GCA_030540945.1_00194   11.85%    passed     99.92%
 236  GCA_002707685.1_01088   10.37%    passed     97.69%
 237  GCA_030252245.1_03788   12.22%    passed     99.59%
 238  GCA_026262645.1_02554   11.48%    passed     99.01%
 239  GCA_028688235.1_00881   10.37%    passed     98.93%
 240  GCA_029879245.1_00373   10.37%    passed     98.64%
 241  GCA_900112645.1_00773   11.11%    passed     99.70%
 242  GCA_900112375.1_03847   11.48%    passed    100.00%
 243  GCA_900111895.1_02672   11.11%    passed    100.00%
 244  GCA_011049865.1_02589   11.85%    passed     99.96%
 245  GCA_025642975.1_03014   11.11%    passed     99.87%
 246  GCA_008807415.1_04821   11.48%    passed     99.80%
 247  GCA_002091675.1_00210   11.48%    passed     99.99%
 248  GCA_002091635.1_00420   11.48%    passed     99.99%
 249  GCA_013201545.1_01609   11.11%    passed     99.99%
 250  GCA_016744175.1_01982    6.67%    passed     97.29%
 251  GCA_025153755.1_00271   11.48%    passed     99.89%
 252  GCA_945787555.1_03117   11.85%    passed     97.58%
 253  GCA_947258425.1_00413   11.85%    passed     97.94%
 254  GCA_026183735.1_03327   12.22%    passed     98.96%
 255  GCA_030683065.1_01091   11.11%    passed     99.98%
 256  GCA_029871205.1_05248   11.48%    passed     99.95%
 257  GCA_026427595.1_00300   11.85%    passed     99.91%
 258  GCA_938074135.1_00903   11.48%    passed     95.00%
 259  GCA_001708445.1_05746   11.11%    passed     99.99%
 260  GCA_028680365.1_00928   11.11%    passed    100.00%
 261  GCA_019243775.1_03649   10.37%    passed    100.00%
 262  GCA_000008465.1_02506   12.22%    passed     93.06%
 263  GCA_000007145.1_03330   10.74%    passed     68.81%
 264  GCA_019139815.1_00030   11.11%    passed    100.00%
 265  GCA_029256685.1_00532   11.48%    passed     89.66%
 266  GCA_025989215.1_02928   11.85%    passed     94.61%
 267  GCA_029237915.1_00285   12.22%    passed     99.66%
 268  GCA_000412675.1_05435   11.11%    passed    100.00%
 269  GCA_030427085.1_00622   11.48%    passed     99.95%
 270  GCA_943788445.1_01317   11.48%    passed     99.99%
 271  GCA_030591305.1_02379   11.48%    passed     99.50%
 272  GCA_025336485.1_03139   11.11%    passed     99.98%
 273  GCA_947494925.1_02105   12.22%    passed     94.14%
 274  GCA_001518815.1_04261   11.11%    passed     99.64%
 275  GCA_001534745.1_00068   11.11%    passed     99.99%
 276  GCA_001517405.1_00057   11.85%    passed     90.08%
 277  GCA_029238675.1_01375   11.48%    passed     97.96%
 278  GCA_024231755.1_02475    5.19%    passed     98.29%
 279  GCA_004752005.1_01376   12.22%    passed     99.69%
 280  GCA_013337185.1_04813   11.85%    passed     99.66%
 281  GCA_003634635.1_02956   11.85%    passed     99.96%
 282  GCA_028471945.1_06214   11.11%    passed     99.95%
 283  GCA_003696285.1_00364   11.11%    passed     98.22%
 284  GCA_947501565.1_02817    5.19%    passed     98.80%
 285  GCA_030161415.1_00195   12.22%    passed     93.79%
 286  GCA_029246545.1_01916   10.37%    passed     98.77%
 287  GCA_001294465.1_00575   12.22%    passed     99.95%
 288  GCA_001297015.1_02415   11.11%    passed     99.99%
 289  GCA_903876785.1_00273   10.37%    passed     99.61%
 290  GCA_001902145.1_02436   11.11%    passed    100.00%
 291  GCA_916618955.1_03905   11.11%    passed    100.00%
 292  GCA_024970185.1_05720   11.11%    passed     99.98%
 293  GCA_026891035.1_00199   11.85%    passed     74.37%
 294  GCA_031261005.1_00094   11.85%    passed     99.17%
 295  GCA_947488835.1_03161   11.85%    passed     99.96%
 296  GCA_900182785.1_01690   11.11%    passed     95.25%
 297  GCA_020880415.1_00044   10.74%    passed     75.71%
 298  GCA_001983175.1_04676   11.11%    passed    100.00%
 299  GCA_028823535.1_01773   11.11%    passed     99.97%
 300  GCA_004010935.1_00432   11.11%    passed     99.98%
 301  GCA_022647505.1_03652   11.85%    passed     99.21%
 302  GCA_947489425.1_01905   11.48%    passed     13.57%
 303  GCA_030431585.1_01720   11.48%    passed     99.98%
 304  GCA_014836765.1_00057   11.11%    passed    100.00%
 305  GCA_015487785.1_00602   11.48%    passed     97.31%
 306  GCA_000155775.1_00175   11.85%    passed     84.06%
 307  GCA_026262685.1_02007   11.11%    passed     99.97%
 308  GCA_026196225.1_00667    5.19%    passed     96.67%
 309  GCA_011947365.2_01906   11.85%    passed     99.99%
 310  GCA_007625055.1_00426    9.26%    passed     99.72%
 311  GCA_026625125.1_00171   11.11%    passed    100.00%
 312  GCA_029543085.1_05686   11.11%    passed     99.96%
 313  GCA_951812995.1_00512   11.85%    passed     92.47%
 314  GCA_029882215.1_00623   11.85%    passed     99.89%
 315  GCA_943788895.1_01698   11.48%    passed     99.99%
 316  GCA_029237815.1_01944   11.85%    passed     97.62%
 317  GCA_029910655.1_00279   10.37%    passed     99.97%
 318  GCA_022533585.1_05161   11.11%    passed    100.00%
 319  GCA_001650915.1_03982   11.85%    passed    100.00%
 320  GCA_001644045.1_02144   10.37%    passed     63.12%
 321  GCA_024347195.1_00120    5.19%    passed     99.97%
 322  GCA_024349685.1_05306   11.11%    passed    100.00%
 323  GCA_024347215.1_00124    5.19%    passed     95.76%
 324  GCA_021147825.1_02238   11.11%    passed     99.99%
 325  GCA_027257955.1_03118   11.11%    passed     95.02%
 326  GCA_030547685.1_01276   11.11%    passed     99.91%
 327  GCA_946885885.1_03466   11.11%    passed     99.96%
 328  GCA_028714035.1_01027   11.85%    passed     96.28%
 329  GCA_019931195.1_03327   11.85%    passed     99.98%
 330  GCA_025840185.1_02647   11.85%    passed     98.88%
 331  GCA_947498625.1_00350   11.85%    passed     81.68%
 332  GCA_030409725.1_02515   12.22%    passed     99.35%
 333  GCA_030580855.1_02158   11.11%    passed    100.00%
 334  GCA_028656955.1_04422   11.11%    passed     99.99%
 335  GCA_026419515.1_00985   11.85%    passed     97.83%
 336  GCA_008808075.1_03384   11.85%    passed     99.85%
 337  GCA_947331445.1_00726   11.48%    passed     96.68%
 338  GCA_015680405.1_00862   11.11%    passed    100.00%
 339  GCA_002113025.1_03256   11.11%    passed     99.99%
 340  GCA_030621845.1_01961   11.48%    passed     97.43%
 341  GCA_026191375.1_00358   11.48%    passed     91.57%
 342  GCA_013141865.1_03879   10.37%    passed     64.91%
 343  GCA_913020055.1_01106   12.22%    passed     99.59%
 344  GCA_025133575.1_01449   11.48%    passed     99.90%
 345  GCA_009910365.1_02748   11.48%    passed     99.21%
 346  GCA_936943315.1_02704   11.48%    passed     99.70%
 347  GCA_030341905.1_01884   10.74%    passed     99.99%
 348  GCA_014651995.1_00156    8.52%    passed     34.77%
 349  GCA_937127095.1_01584    5.56%    passed     99.98%
 350  GCA_028280345.1_00009   10.00%    passed     99.09%
 351  GCA_938075435.1_01873   12.22%    passed     99.99%
 352  GCA_009617755.1_03634   11.85%    passed    100.00%
 353  GCA_009380155.1_00289   11.11%    passed     99.97%
 354  GCA_003850345.1_06144   11.11%    passed    100.00%
 355  GCA_003852315.1_05753   11.11%    passed    100.00%
 356  GCA_000013665.1_03843   11.48%    passed     99.94%
 357  GCA_030848505.1_02311   11.48%    passed     99.44%
 358  GCA_030619405.1_01031   11.85%    passed     74.49%
 359  GCA_028682455.1_03826   11.11%    passed     99.98%
 360  GCA_937863915.1_01037   11.48%    passed     99.83%
 361  GCA_946886245.1_00157   11.48%    passed    100.00%
 362  GCA_029335315.1_05954   11.48%    passed    100.00%
 363  GCA_030681375.1_01022   11.85%    passed     71.54%
 364  GCA_028728195.1_01394   11.48%    passed     99.76%
 365  GCA_943788965.1_01989    5.19%    passed     98.59%
 366  GCA_002333095.1_02110   11.48%    passed     99.35%
 367  GCA_002339165.1_01027   11.48%    passed     99.72%
 368  GCA_943789145.1_01772   11.48%    passed     99.85%
 369  GCA_002333145.1_01103   11.85%    passed     99.31%
 370  GCA_002338065.1_04184   11.11%    passed     99.98%
 371  GCA_004786035.1_05661   11.11%    passed     99.98%
 372  GCA_937864065.1_01945   11.11%    passed     99.45%
 373  GCA_030971605.1_04173   11.85%    passed     98.04%
 374  GCA_029268475.1_01633   11.48%    passed     97.77%
 375  GCA_002591625.1_00155   11.48%    passed     95.11%
 376  GCA_030548205.1_00617   12.22%    passed     99.26%
 377  GCA_030295765.1_01456    5.19%    passed     95.30%
 378  GCA_029017505.1_02460   11.85%    passed     98.54%
 379  GCA_014269025.2_04474   11.11%    passed    100.00%
 380  GCA_017848315.1_02917   11.11%    passed     99.98%
 381  GCA_001307155.1_01870   11.11%    passed     99.99%
 382  GCA_028748685.1_02641   10.37%    passed     32.11%
 383  GCA_030654635.1_03011   11.11%    passed     99.57%
 384  GCA_900182985.1_04042   11.11%    passed     99.99%
 385  GCA_003258965.1_04479   11.11%    passed     99.99%
 386  GCA_030159995.1_03539   11.48%    passed     98.67%
 387  GCA_002419965.1_02838   11.11%    passed     99.99%
 388  GCA_000160755.1_00557   11.85%    passed     99.80%
 389  GCA_000169075.1_03213   11.48%    passed     91.55%
 390  GCA_013282725.1_01239   11.85%    passed     97.92%
 391  GCA_963205165.1_01614   10.74%    passed     68.31%
 392  GCA_947258415.1_00506   11.85%    passed     97.84%
 393  GCA_002862985.1_00349   11.48%    passed     92.17%
 394  GCA_947258895.1_01003   11.48%    passed     99.56%
 395  GCA_020179755.1_00912   10.37%    passed     69.38%
 396  GCA_000821185.2_00035   11.85%    passed     99.28%
 397  GCA_005871205.1_02167   11.85%    passed     99.96%
 398  GCA_005876855.1_00422   11.11%    passed     99.97%
 399  GCA_005877905.1_04853   11.48%    passed     99.84%
 400  GCA_947041315.1_02942   11.85%    passed    100.00%
 401  GCA_937123705.1_00756   12.22%    passed     99.60%
 402  GCA_947501935.1_00176   12.22%    passed     99.88%
 403  GCA_029202525.1_00541   11.11%    passed    100.00%
 404  GCA_025153445.1_02046   11.85%    passed     99.84%
 405  GCA_017983445.1_02615    9.26%    passed     99.62%
 406  GCA_027942505.1_01300   11.85%    passed    100.00%
 407  GCA_030656145.1_01183   11.11%    passed     99.98%
 408  GCA_014230465.1_05430   11.11%    passed    100.00%
 409  GCA_025384895.1_01013   10.37%    passed     99.86%
 410  GCA_013372285.1_03708   11.48%    passed     95.28%
 411  GCA_029846115.1_00794   11.85%    passed     99.53%
 412  GCA_028282105.1_00366   10.74%    passed     28.23%
 413  GCA_018823765.1_02939   11.11%    passed    100.00%
 414  GCA_030831165.1_01800   10.37%    passed     99.66%
 415  GCA_002457245.1_01095    7.78%    passed     97.47%
 416  GCA_000219605.1_00502   11.11%    passed    100.00%
 417  GCA_945862145.1_02499   11.11%    passed     58.98%
 418  GCA_030546905.1_00970   11.48%    passed     99.92%
 419  GCA_947387555.1_03715   12.22%    passed     98.98%
 420  GCA_026788005.1_02610   12.22%    passed     90.63%
 421  GCA_030462585.1_04244   11.48%    passed     99.74%
 422  GCA_025384845.1_00218   11.85%    passed     99.99%
 423  GCA_001023535.1_00434   11.11%    passed    100.00%
 424  GCA_013407925.2_03149   11.11%    passed     99.97%
 425  GCA_001013475.1_02294   10.74%    passed     61.71%
 426  GCA_025397885.1_01097   11.11%    passed     99.98%
 427  GCA_026982145.1_00457   11.85%    passed     97.48%
 428  GCA_028695255.1_00349   11.85%    passed     84.79%
 429  GCA_001663515.1_00459    7.78%    passed     97.24%
 430  GCA_001858325.1_01576   11.85%    passed     99.99%
 431  GCA_001757105.1_01212   12.22%    passed     97.01%
 432  GCA_001855565.1_02040   11.85%    passed     99.93%
 433  GCA_029635795.1_02204   11.85%    passed     99.40%
 434  GCA_002601815.1_01070   11.48%    passed     99.97%
 435  GCA_013393325.1_02649   11.11%    passed    100.00%
 436  GCA_900099645.1_01600   11.11%    passed     99.98%
 437  GCA_900099785.1_00440   11.48%    passed     99.97%
 438  GCA_029251505.1_00311   11.85%    passed     76.52%
 439  GCA_027008705.1_01601   11.48%    passed     76.93%
 440  GCA_026725475.1_02575   12.22%    passed     87.95%
 441  GCA_946886105.1_02389   11.11%    passed     99.97%
 442  GCA_029212745.1_00926   11.85%    passed     99.86%
 443  GCA_030518215.1_02361   11.11%    passed     96.03%
 444  GCA_030227115.1_03707   11.85%    passed     99.81%
 445  GCA_946886875.1_01765   11.11%    passed     99.98%
 446  GCA_028823475.1_02115   11.11%    passed     99.49%
 447  GCA_021375795.1_00172   11.11%    passed     99.99%
 448  GCA_950066645.1_00730   12.22%    passed     99.83%
 449  GCA_000176515.1_03192   11.85%    passed     99.43%
 450  GCA_001562115.1_03953   12.22%    passed     96.86%
 451  GCA_017165765.1_04531   11.11%    passed     99.97%
 452  GCA_030070105.1_02230   11.85%    passed     98.95%
 453  GCA_030618705.1_01258   11.11%    passed     78.47%
 454  GCA_005217455.1_02298   11.85%    passed     99.54%
 455  GCA_004804275.1_02702    9.63%    passed     85.43%
 456  GCA_030689025.1_01062   11.85%    passed     99.57%
 457  GCA_030209175.1_02830   11.11%    passed     99.97%
 458  GCA_028682475.1_03969   11.11%    passed     99.92%
 459  GCA_025515275.1_03460   12.22%    passed     48.95%
 460  GCA_010500895.1_01235   12.22%    passed     95.50%
 461  GCA_030590525.1_00898   11.85%    passed     46.55%
 462  GCA_002003485.1_02907   11.48%    passed     99.72%
 463  GCA_937770335.1_03380   12.22%    passed     98.76%
 464  GCA_028683735.1_00171   12.22%    passed     83.97%
 465  GCA_026989135.1_01552   12.22%    passed     96.54%
 466  GCA_030621975.1_02141   11.85%    passed     91.57%
 467  GCA_002699855.1_05205   11.11%    passed    100.00%
 468  GCA_030409225.1_00940   11.48%    passed     96.38%
 469  GCA_029213045.1_00105   11.85%    passed     98.36%
 470  GCA_030576275.1_00353   11.85%    passed     97.03%
 471  GCA_017744955.1_03789   10.74%    passed     80.42%
 472  GCA_028858535.1_01901   11.85%    passed     99.90%
 473  GCA_946477055.1_00792   11.85%    passed     98.73%
 474  GCA_019049755.1_01919   11.85%    passed     96.97%
 475  GCA_014839385.1_04232   11.11%    passed    100.00%
 476  GCA_029240955.1_02548   11.11%    passed     99.98%
 477  GCA_028284185.1_00826   11.85%    passed     75.83%
 478  GCA_943788875.1_00818   11.48%    passed     99.95%
 479  GCA_900601905.1_03635   11.11%    passed    100.00%
 480  GCA_900589395.1_01020   11.11%    passed     99.88%
 481  GCA_030687875.1_05587   11.11%    passed     99.98%
 482  GCA_900635495.1_04843   11.85%    passed     92.36%
 483  GCA_900590755.1_00301   11.11%    passed     99.99%
 484  GCA_900573885.1_01897   11.11%    passed     99.94%
 485  GCA_009817885.1_02035   11.85%    passed     98.45%
 486  GCA_900585905.1_02581   11.11%    passed     99.99%
 487  GCA_030295935.1_03283   12.22%    passed     98.93%
 488  GCA_026626885.1_01035   11.85%    passed     99.95%
 489  GCA_026196275.1_00666   11.85%    passed     89.54%
 490  GCA_947455595.1_00304   10.37%    passed     93.80%
 491  GCA_026993645.1_01716   11.48%    passed     53.33%
 492  GCA_025628895.1_01743   12.22%    passed     99.88%
 493  GCA_030687895.1_00155   11.11%    passed     99.98%
 494  GCA_021283545.2_05780   11.11%    passed    100.00%
 495  GCA_902498185.1_01013   11.11%    passed     99.98%
 496  GCA_031085165.1_02431   11.11%    passed     99.45%
 497  GCA_015471405.1_03752   11.11%    passed     99.99%
 498  GCA_000948985.2_01190   12.22%    passed     99.12%
 499  GCA_000952685.1_00030   11.11%    passed     99.96%
 500  GCA_003600645.1_00062   11.85%    passed     97.83%
 501  GCA_013408425.1_04547   11.11%    passed     99.83%
 502  GCA_029643245.1_02515   10.37%    passed     19.21%
 503  GCA_030997045.1_03213   11.48%    passed     96.60%
 504  GCA_947477655.1_00478   10.74%    passed     97.72%
 505  GCA_030645995.1_00907   10.37%    passed     99.44%
 506  GCA_947259995.1_00955   10.37%    passed     95.60%
 507  GCA_001439695.1_04017   11.11%    passed    100.00%
 508  GCA_001439805.1_01678   11.11%    passed    100.00%
 509  GCA_027310305.1_02215    9.63%    passed     87.65%
 510  GCA_030316135.1_03835   12.22%    passed     97.15%
 511  GCA_027068675.1_01455   11.85%    passed     84.26%
 512  GCA_019049675.1_00877   11.85%    passed     97.97%
 513  GCA_023612115.1_01203   11.11%    passed     99.99%
 514  GCA_016906995.1_02883   10.74%    passed     99.83%
 515  GCA_025917315.1_03351    9.26%    passed     97.72%
 516  GCA_004357765.1_02950    6.67%    passed    100.00%
 517  GCA_004353515.1_03707   12.22%    passed     99.37%
 518  GCA_947040555.1_00386   11.48%    passed     84.50%
 519  GCA_030602315.1_01666   11.48%    passed     99.86%
 520  GCA_029846635.1_02379    5.19%    passed     99.88%
 521  GCA_030690835.1_01987   11.85%    passed     98.21%
 522  GCA_030649675.1_00105   11.48%    passed     99.93%
 523  GCA_028280195.1_03934   11.11%    passed     99.88%
 524  GCA_019655855.2_03166   11.48%    passed     99.98%
 525  GCA_026196545.1_02031   11.85%    passed     90.54%
 526  GCA_025966695.1_02705   11.11%    passed     99.92%
 527  GCA_030151225.1_00022   10.37%    passed     99.19%
 528  GCA_001043025.1_00845   11.11%    passed     99.97%
 529  GCA_001042905.1_04674   11.11%    passed    100.00%
 530  GCA_001043055.1_02296   11.11%    passed     99.73%
 531  GCA_011045815.1_00014   11.85%    passed     99.77%
 532  GCA_001042985.1_03059   11.11%    passed     99.99%
 533  GCA_001043175.1_00594   11.85%    passed     99.86%
 534  GCA_001045555.1_03845   11.85%    passed     99.98%
 535  GCA_017603965.1_00794   10.74%    passed     64.86%
 536  GCA_019145475.1_01768   11.11%    passed     99.98%
 537  GCA_027853245.1_00731   11.85%    passed     97.83%
 538  GCA_007989605.1_00522    9.26%    passed     97.78%
 539  GCA_003945765.1_05963   11.11%    passed    100.00%
 540  GCA_030687415.1_00185   11.11%    passed     99.99%
 541  GCA_026723825.1_04567   11.48%    passed    100.00%
 542  GCA_937951345.1_03580   11.11%    passed     96.76%
 543  GCA_031157525.1_03171   11.85%    passed     99.98%
 544  GCA_002157375.1_04298   11.11%    passed     99.99%
 545  GCA_947258585.1_03056   11.48%    passed     98.73%
 546  GCA_029207565.1_02686   11.85%    passed     99.79%
 547  GCA_030597965.1_00581   11.48%    passed     99.99%
 548  GCA_026810445.1_00153   11.11%    passed     99.99%
 549  GCA_009600315.1_00473   11.11%    passed     99.98%
 550  GCA_009711715.1_01318   11.48%    passed     98.76%
 551  GCA_021462285.1_04595   11.85%    passed     98.55%
 552  GCA_947493575.1_03430   11.48%    passed     99.11%
 553  GCA_029223185.1_01334   12.22%    passed     97.93%
 554  GCA_029265735.1_01783   11.85%    passed     98.17%
 555  GCA_014850975.1_00558   10.37%    passed     65.42%
 556  GCA_000759445.1_04053   11.11%    passed     99.99%
 557  GCA_005484965.1_00152   11.85%    passed     96.06%
 558  GCA_026319365.1_02211   11.48%    passed     99.60%
 559  GCA_014764705.1_02207   11.11%    passed    100.00%
 560  GCA_009846525.1_03654    9.26%    passed     94.62%
 561  GCA_000282355.1_02154   11.11%    passed     99.99%
 562  GCA_029212275.1_01206   11.85%    passed     99.90%
 563  GCA_019049655.1_01370   11.85%    passed     96.55%
 564  GCA_009914335.1_00018   11.85%    passed     99.60%
 565  GCA_003144395.1_00565   11.85%    passed     99.79%
 566  GCA_003144405.1_02276   11.85%    passed     99.71%
 567  GCA_016718385.1_04355   10.00%    passed     98.69%
 568  GCA_004295665.1_02197   12.22%    passed     99.93%
 569  GCA_028292705.1_00112    9.63%    passed     99.10%
 570  GCA_028707085.1_02652   10.37%    passed     99.21%
 571  GCA_947498355.1_01420   12.22%    passed     99.04%
 572  GCA_028369065.1_00845   11.85%    passed     98.90%
 573  GCA_027013165.1_01393   12.22%    passed     96.74%
 574  GCA_003732175.1_04486   11.11%    passed     99.98%
 575  GCA_025751585.1_03328   12.22%    passed     79.23%
 576  GCA_030427485.1_02007   11.48%    passed     93.22%
 577  GCA_901472505.1_01740   11.85%    passed     99.90%
 578  GCA_900636545.1_04607   11.48%    passed    100.00%
 579  GCA_901472405.1_05674   11.85%    passed     98.45%
 580  GCA_028682395.1_02941   11.11%    passed     99.99%
 581  GCA_937911225.1_00947   11.48%    passed     99.94%
 582  GCA_028277365.1_01549   11.11%    passed     49.62%
 583  GCA_014522265.1_01734   11.11%    passed     99.84%
 584  GCA_030828385.1_00657   10.74%    passed     93.33%
 585  GCA_030676955.1_01560   10.37%    passed     99.62%
 586  GCA_938048505.1_00381    9.63%    passed     99.97%
 587  GCA_030428835.1_01156   11.48%    passed     99.37%
 588  GCA_002287035.1_03218   11.48%    passed    100.00%
 589  GCA_027943745.1_00098    5.19%    passed     96.51%
 590  GCA_025153775.1_01318   11.48%    passed     99.38%
 591  GCA_002379585.1_00729   11.11%    passed     99.99%
 592  GCA_002845275.2_00032   11.11%    passed     99.97%
 593  GCA_000967965.1_00246   11.11%    passed     99.99%
 594  GCA_900105325.1_04551   11.11%    passed    100.00%
 595  GCA_026966905.1_02024   11.48%    passed     93.97%
 596  GCA_028293825.1_02471   11.48%    passed     95.69%
 597  GCA_946886255.1_03692   11.11%    passed     94.48%
 598  GCA_947259505.1_01506   10.37%    passed     99.64%
 599  GCA_025465945.1_02998   11.11%    passed     99.99%
 600  GCA_030829985.1_00597   11.85%    passed     52.90%
 601  GCA_905182265.1_00406   11.48%    passed     99.85%
 602  GCA_029254005.1_01246   11.48%    passed     98.40%
 603  GCA_030741175.1_01070   11.48%    passed     99.02%
 604  GCA_025345565.1_03520   11.85%    passed     99.13%
 605  GCA_030769565.1_00058   11.11%    passed     99.35%
 606  GCA_012971725.1_00783   11.48%    passed     99.96%
 607  GCA_943787675.1_01526   11.48%    passed     99.04%
 608  GCA_913050115.1_00490   11.48%    passed     99.59%
 609  GCA_004360155.1_03615   12.22%    passed     93.93%
 610  GCA_004362895.1_01817   12.22%    passed     96.76%
 611  GCA_030603065.1_02612   11.48%    passed    100.00%
 612  GCA_946481095.1_01454   11.48%    passed     98.98%
 613  GCA_946482385.1_00534   10.37%    passed     99.95%
 614  GCA_002483365.1_02755   11.48%    passed     97.40%
 615  GCA_030718085.1_02124   11.85%    passed     99.83%
 616  GCA_027005735.1_02035   11.85%    passed     99.94%
 617  GCA_030272895.1_03750   11.11%    passed     99.98%
 618  GCA_030547545.1_00395    5.56%    passed     99.54%
 619  GCA_913049915.1_02829   12.22%    passed     99.12%
 620  GCA_001112925.1_03327   11.85%    passed     96.96%
 621  GCA_014268935.2_02973   11.11%    passed    100.00%
 622  GCA_902170305.1_00255   11.85%    passed     99.30%
 623  GCA_902726565.1_03237   11.85%    passed     99.32%
 624  GCA_001083805.1_03954   12.22%    passed     99.83%
 625  GCA_030250645.1_04342   11.85%    passed     99.35%
 626  GCA_030518155.1_02052   11.11%    passed     99.91%
 627  GCA_030409715.1_00134   11.11%    passed     99.78%
 628  GCA_946886895.1_02152   11.85%    passed     99.99%
 629  GCA_030148365.1_01664   11.85%    passed     98.74%
 630  GCA_900187455.1_01107   11.11%    passed     99.97%
 631  GCA_900187615.1_01990   11.11%    passed     99.99%
 632  GCA_900187975.1_02988   11.48%    passed     99.99%
 633  GCA_030053115.1_05689   11.11%    passed     99.99%
 634  GCA_026989015.1_01934   11.11%    passed     93.61%
 635  GCA_025656675.1_01217   11.85%    passed     99.67%
 636  GCA_016713115.1_00960   11.48%    passed     98.25%
 637  GCA_900114735.1_02687   11.48%    passed     99.94%
 638  GCA_900114765.1_02443   11.11%    passed     99.63%
 639  GCA_014268615.1_02101   11.11%    passed     99.99%
 640  GCA_025800245.1_01546    5.56%    passed     98.77%
 641  GCA_025642785.1_01945   10.74%    passed     99.99%
 642  GCA_027498055.1_00226   10.74%    passed     99.99%
 643  GCA_012728415.1_01834   11.11%    passed     99.82%
 644  GCA_013868415.1_00916    5.19%    passed     99.95%
 645  GCA_002699145.1_03350   11.11%    passed     89.28%
 646  GCA_030831125.1_02354   10.74%    passed     96.40%
 647  GCA_027021685.1_01180   10.37%    passed     17.00%
 648  GCA_003991975.1_02835   11.48%    passed     99.18%
 649  GCA_003201855.1_00628   11.85%    passed     90.98%
 650  GCA_009856365.1_00217   11.85%    passed    100.00%
 651  GCA_015644585.1_01434   11.85%    passed     98.90%
 652  GCA_026113935.1_03189   11.48%    passed     99.00%
 653  GCA_030145845.1_00662   11.48%    passed     98.39%
 654  GCA_027012915.1_01091   11.48%    passed     99.83%
 655  GCA_028682175.1_01137   11.11%    passed     99.97%
 656  GCA_030547075.1_03024   12.22%    passed     94.62%
 657  GCA_016756315.1_04028   12.22%    passed     97.94%
 658  GCA_021602585.1_00716   11.11%    passed    100.00%
 659  GCA_002435145.1_03514    5.19%    passed     98.13%
 660  GCA_002434265.1_01661   11.11%    passed    100.00%
 661  GCA_945271245.1_03684   11.85%    passed     96.40%
 662  GCA_946480835.1_02396   11.85%    passed     99.28%
 663  GCA_937125395.1_00293   11.85%    passed     69.15%
 664  GCA_937129725.1_01767   10.74%    passed     91.29%
 665  GCA_014269035.2_03141   11.11%    passed    100.00%
 666  GCA_007097525.1_02284   12.22%    passed     99.92%
 667  GCA_000420325.1_01991   10.74%    passed     81.83%
 668  GCA_000421765.1_02528   10.74%    passed     99.99%
 669  GCA_913058035.1_03318   12.22%    passed     95.62%
 670  GCA_913061305.1_00247   10.37%    passed     98.37%
 671  GCA_913058315.1_02838   12.22%    passed     93.12%
 672  GCA_913061185.1_01368   11.85%    passed     99.98%
 673  GCA_913061115.1_00428   11.11%    passed     98.48%
 674  GCA_913060735.1_00726   11.48%    passed     99.21%
 675  GCA_028993615.1_01989   10.37%    passed     83.48%
 676  GCA_030148085.1_01312   11.48%    passed     97.86%
 677  GCA_946480345.1_00551   11.11%    passed     89.30%
 678  GCA_028293835.1_03944   11.11%    passed    100.00%
 679  GCA_002386445.1_03595   11.11%    passed    100.00%
 680  GCA_027322215.1_01225   11.48%    passed     96.55%
 681  GCA_946481735.1_00577   11.11%    passed     96.96%
 682  GCA_029881275.1_01534   11.85%    passed     73.54%
 683  GCA_030426545.1_02685   11.11%    passed     99.12%
 684  GCA_028595265.1_00073   12.22%    passed     99.85%
 685  GCA_947630465.1_01542   10.74%    passed     99.96%
 686  GCA_009707325.1_04853   11.11%    passed    100.00%
 687  GCA_002282895.1_02736   12.22%    passed     99.80%
 688  GCA_002282855.1_03296   12.22%    passed     99.17%
 689  GCA_028598985.1_01287    5.19%    passed     99.66%
 690  GCA_000297215.2_01730   10.74%    passed     92.84%
 691  GCA_947497935.1_00478   12.22%    passed     99.43%
 692  GCA_026995955.1_00135   11.48%    passed     90.31%
 693  GCA_002000085.1_02302   12.22%    passed     99.83%
 694  GCA_013393345.1_04255   11.48%    passed     99.80%
 695  GCA_002002905.1_01917   11.48%    passed     94.27%
 696  GCA_002906795.1_01337   11.11%    passed    100.00%
 697  GCA_031253995.1_05005   11.11%    passed    100.00%
 698  GCA_946227095.1_04727   11.85%    passed     98.83%
 699  GCA_943846705.1_01345   11.11%    passed     99.99%
 700  GCA_025566055.1_04096   11.85%    passed     97.97%
 701  GCA_025837155.1_00223   11.48%    passed     99.99%
 702  GCA_028825045.1_00393   11.48%    passed     91.75%
 703  GCA_030610155.1_00120   11.11%    passed     96.61%
 704  GCA_030160655.1_02310   12.22%    passed     81.94%
 705  GCA_030704305.1_02849   10.37%    passed     96.55%
 706  GCA_001314605.1_02825   11.85%    passed     99.99%
 707  GCA_001314875.1_01217    9.26%    passed     99.00%
 708  GCA_028830055.1_01192   11.11%    passed     99.99%
 709  GCA_003999375.1_00688   12.22%    passed     99.30%
 710  GCA_937965695.1_01279   11.85%    passed     97.30%
 711  GCA_021847305.1_01166   12.22%    passed     99.82%
 712  GCA_021851875.1_01209   12.22%    passed     99.47%
 713  GCA_030440445.1_04082    9.26%    passed     98.65%
 714  GCA_030832825.1_00684   10.37%    passed     91.59%
 715  GCA_002741105.1_01827   11.48%    passed     99.99%
 716  GCA_002744715.1_02601   11.85%    passed     99.69%
 717  GCA_002741075.1_05198   11.11%    passed    100.00%
 718  GCA_002795845.1_03257   11.85%    passed     99.79%
 719  GCA_001695625.1_05188   11.11%    passed     99.90%
 720  GCA_900766265.1_03438   11.11%    passed     99.98%
 721  GCA_026309355.1_02806   11.85%    passed     99.76%
 722  GCA_000355675.1_00199   11.85%    passed     99.81%
 723  GCA_003584565.3_04321   12.22%    passed     97.51%
 724  GCA_030150285.1_04290   11.11%    passed     99.99%
 725  GCA_937898685.1_00143   11.11%    passed     95.50%
 726  GCA_900116605.1_00686   11.11%    passed     99.98%
 727  GCA_900115495.1_02587   11.85%    passed     99.39%
 728  GCA_900115905.1_02246   11.48%    passed     99.76%
 729  GCA_900116625.1_02275   12.22%    passed     93.37%
 730  GCA_900115475.1_04902   11.48%    passed     99.96%
 731  GCA_009659625.1_02568   11.11%    passed    100.00%
 732  GCA_030674875.1_00673   11.85%    passed     90.42%
 733  GCA_030646295.1_00536   11.85%    passed     86.44%
 734  GCA_947258875.1_01973   11.85%    passed     95.33%
 735  GCA_025465995.1_02646   10.74%    passed     99.88%
 736  GCA_026901265.1_02189    7.78%    passed     98.10%
 737  GCA_949372765.1_01276   11.48%    passed     99.93%
 738  GCA_026107455.2_00995   10.37%    passed     77.55%
 739  GCA_009363275.1_00451   11.11%    passed     99.92%
 740  GCA_028280715.1_00930   11.48%    passed     87.14%
 741  GCA_009746715.1_02872   11.85%    passed     99.98%
 742  GCA_012767755.2_00204   11.48%    passed     99.99%
 743  GCA_003231305.1_02306   11.11%    passed    100.00%
 744  GCA_026153515.1_00271   11.11%    passed     99.98%
 745  GCA_025465935.1_01159   11.11%    passed     99.95%
 746  GCA_029814935.1_00142   11.48%    passed     99.99%
 747  GCA_943846745.1_01895   11.85%    passed     81.36%
 748  GCA_002258215.1_02187   11.85%    passed     99.99%
 749  GCA_002292815.1_00816   11.85%    passed     34.16%
 750  GCA_027032075.1_00614   11.48%    passed     75.03%
 751  GCA_030538375.1_01094   11.85%    passed     88.11%
 752  GCA_024666525.1_01237   11.48%    passed     99.95%
 753  GCA_027621405.1_03160   11.48%    passed     93.58%
 754  GCA_946481205.1_02526   11.85%    passed     64.36%
 755  GCA_025362015.1_00580   11.11%    passed     99.05%
 756  GCA_002939885.1_00990   10.74%    passed     79.41%
 757  GCA_900476395.1_01600   10.74%    passed     73.49%
 758  GCA_030362855.1_03089   12.22%    passed     91.49%
 759  GCA_025562715.2_04462   11.85%    passed     99.93%
 760  GCA_000423125.1_02418   11.48%    passed     89.60%
 761  GCA_003721245.1_01994   11.48%    passed     95.56%
 762  GCA_023241715.1_00475   11.11%    passed     99.97%
 763  GCA_014268495.2_00032   11.11%    passed     99.99%
 764  GCA_029252555.1_01345   11.48%    passed     99.07%
 765  GCA_030427065.1_00450    9.26%    passed     91.94%
 766  GCA_029859085.1_00471   11.48%    passed     95.59%
 767  GCA_029222905.1_02343    4.81%    passed     99.92%
 768  GCA_025363575.1_02314   11.85%    passed     99.12%
 769  GCA_949498985.1_00787   11.85%    passed     94.73%
 770  GCA_947502355.1_02334   12.22%    passed     99.48%
 771  GCA_943846655.1_00415   11.11%    passed     11.77%
 772  GCA_002390285.1_01710   11.48%    passed     98.61%
 773  GCA_029193575.1_03707   11.11%    passed    100.00%
 774  GCA_002291425.1_02414   11.85%    passed     97.41%
 775  GCA_003444685.1_03536   11.11%    passed     99.68%
 776  GCA_002355475.1_05574   11.48%    passed     99.60%
 777  GCA_009724245.1_04545   11.11%    passed    100.00%
 778  GCA_905181995.1_00486   11.48%    passed     99.83%
 779  GCA_001438605.1_00156   11.48%    passed     99.94%
 780  GCA_003352185.1_05582   11.11%    passed     99.99%
 781  GCA_003343245.1_04926   10.37%    passed     99.97%
 782  GCA_029203285.1_05231   11.48%    passed     99.92%
 783  GCA_030161435.1_02537   12.22%    passed     90.22%
 784  GCA_900106975.1_01182   11.11%    passed     99.99%
 785  GCA_900107155.1_00736   11.11%    passed     99.99%
 786  GCA_913019975.1_02080   11.85%    passed     98.73%
 787  GCA_009674675.1_01341   11.85%    passed     75.60%
 788  GCA_026183675.1_02086   11.48%    passed     99.94%
 789  GCA_003052515.2_02183   11.11%    passed     99.85%
 790  GCA_947259545.1_03441   11.85%    passed     99.98%
 791  GCA_026072635.1_02184   11.48%    passed     99.99%
 792  GCA_029250825.1_01328   11.48%    passed     99.28%
 793  GCA_913044275.1_00065   11.48%    passed     98.21%
 794  GCA_943789335.1_01378   10.37%    passed     99.20%
 795  GCA_030696055.1_00475   11.11%    passed    100.00%
 796  GCA_937876625.1_01509   25.19%    passed     98.45%
 797  GCA_002416125.1_02246   11.48%    passed     81.58%
 798  GCA_028281865.1_04306   11.85%    passed     99.92%
 799  GCA_945874835.1_01879   11.11%    passed     99.93%
 800  GCA_002812485.1_00148   11.85%    passed     99.83%
 801  GCA_016744155.1_03768    5.19%    passed     99.47%
 802  GCA_029246415.1_00034   11.85%    passed     83.69%
 803  GCA_028292405.1_05130   12.59%    passed     99.73%
 804  GCA_028649395.1_01254   11.48%    passed     99.98%
 805  GCA_947503435.1_01301   11.85%    passed     66.99%
 806  GCA_011077955.1_01647   11.85%    passed     97.12%
 807  GCA_002354655.1_02754   11.11%    passed     99.98%
 808  GCA_000818015.1_00437   11.11%    passed    100.00%
 809  GCA_003671495.1_01822   11.85%    passed     99.64%
 810  GCA_900277125.1_00050   11.11%    passed    100.00%
 811  GCA_003259225.1_03093   11.48%    passed     98.48%
 812  GCA_003263515.1_04395   11.85%    passed     96.41%
 813  GCA_030651695.1_01471    8.52%    passed     95.98%
 814  GCA_030466405.1_01519   12.22%    passed     99.80%
 815  GCA_026262625.1_00805   11.11%    passed     97.94%
 816  GCA_943846685.1_00336   11.48%    passed     99.99%
 817  GCA_030418115.1_02696   12.22%    passed     99.72%
 818  GCA_026984045.1_02441   11.85%    passed     93.56%
 819  GCA_030376615.1_03101   11.11%    passed    100.00%
 820  GCA_025532145.1_03746   11.85%    passed     99.82%
 821  GCA_015490795.1_01610   12.22%    passed     92.27%
 822  GCA_014762745.1_00580   11.85%    passed     90.82%
 823  GCA_024127895.1_00603   11.11%    passed    100.00%
 824  GCA_947494095.1_01503   11.48%    passed     99.84%
 825  GCA_946885955.1_04248   11.11%    passed    100.00%
 826  GCA_030066555.1_00632   10.74%    passed     67.93%
 827  GCA_030466445.1_03885   11.11%    passed     99.96%
 828  GCA_030674915.1_00747   11.85%    passed     60.96%
 829  GCA_946885915.1_00675   12.22%    passed     99.80%
 830  GCA_001865675.1_00988   10.37%    passed     85.11%
 831  GCA_015712065.1_04249   11.48%    passed    100.00%
 832  GCA_024749165.1_05142   11.11%    passed    100.00%
 833  GCA_946482345.1_01303   12.22%    passed     98.38%
 834  GCA_000020585.3_04054   12.22%    passed     94.88%
 835  GCA_900102035.1_04644   11.11%    passed     99.99%
 836  GCA_900101755.1_02554   11.48%    passed    100.00%
 837  GCA_029212965.1_00677   11.48%    passed     92.52%
 838  GCA_937138495.1_01170    5.19%    passed     98.93%
 839  GCA_015488555.1_00025   11.11%    passed     48.77%
 840  GCA_000425785.1_01652   11.11%    passed    100.00%
 841  GCA_030730205.1_02244   12.22%    passed     99.77%
 842  GCA_947090765.1_06273   11.11%    passed    100.00%
 843  GCA_001590905.1_04447   11.85%    passed     99.64%
 844  GCA_017744395.1_00891   10.37%    passed     53.76%
 845  GCA_017744435.1_03765   11.11%    passed    100.00%
 846  GCA_030622755.1_01565   11.85%    passed     99.87%
 847  GCA_030490285.1_00164   10.37%    passed     73.58%
 848  GCA_011752525.1_00896   11.11%    passed    100.00%
 849  GCA_001513025.1_02553   10.74%    passed     99.94%
 850  GCA_001465025.1_02951   11.11%    passed     99.81%
 851  GCA_000319305.2_02383   11.11%    passed     99.99%
 852  GCA_937773555.1_00222    5.19%    passed     98.71%
 853  GCA_900108875.1_02894   11.11%    passed     99.98%
 854  GCA_030730585.1_00762   11.48%    passed     95.26%
 855  GCA_030148805.1_02066   11.85%    passed     99.68%
 856  GCA_027922365.1_00197   11.11%    passed     99.97%
 857  GCA_027257845.1_01916   12.22%    passed     93.17%
 858  GCA_029238255.1_01486   11.48%    passed     99.98%
 859  GCA_014200725.1_01254   10.37%    passed     91.83%
 860  GCA_014268975.2_00275   11.11%    passed    100.00%
 861  GCA_018860915.1_01514   12.22%    passed     98.61%
 862  GCA_014859525.1_01397   11.85%    passed     99.99%
 863  PA14_rph                11.48%    passed     99.97%
****  TOTAL                   11.01%  0 sequences failed composition chi2 test (p-value<5%; df=19)
Reading input tree file /data/outputs/Tree/seq.tree ...

NOTE: 34 MB RAM (0 GB) is required!
Estimate model parameters (epsilon = 0.010)
1. Initial log-likelihood: -76222.630
Optimal log-likelihood: -75166.486
Parameters optimization took 1 rounds (2.024 sec)
Wrote distance file to... 
BEST SCORE FOUND : -75166.486
Ancestral state probabilities printed to /data/outputs/Ancestral/seq.state
Total tree length: 57.566

Total number of iterations: 0
CPU time used for tree search: 0.000 sec (0h:0m:0s)
Wall-clock time used for tree search: 0.000 sec (0h:0m:0s)
Total CPU time used: 5.723 sec (0h:0m:5s)
Total wall-clock time used: 6.379 sec (0h:0m:6s)

Analysis results written to: 
  IQ-TREE report:                /data/outputs/Ancestral/seq.iqtree
  Maximum-likelihood tree:       /data/outputs/Ancestral/seq.treefile
  Ancestral state:               /data/outputs/Ancestral/seq.state
  Screen log file:               /data/outputs/Ancestral/seq.log

Date and Time: Mon Oct  7 19:45:47 2024
